Count of therapy_id values in target_holdout:
therapy_id
1018450235-TAGRISSO-1    1
1081712572-TAGRISSO-1    1
1004837018-TAGRISSO-1    1
1002060555-TAGRISSO-1    1
1102600984-TAGRISSO-1    1
                        ..
1030747644-TAGRISSO-1    1
1016343065-TAGRISSO-1    1
1115818326-TAGRISSO-1    1
1104320377-TAGRISSO-1    1
1117110566-TAGRISSO-1    1
Name: count, Length: 420, dtype: int64

Counts of therapy_id values from target_holdout in medclms_holdout:
therapy_id
1057995894-TAGRISSO-1    577
1082492292-TAGRISSO-1    543
1036993246-TAGRISSO-1    477
1080316269-TAGRISSO-1    462
1031818326-TAGRISSO-1    451
                        ... 
1115056976-TAGRISSO-1      7
1118620607-TAGRISSO-1      4
1101875117-TAGRISSO-1      3
1045997279-TAGRISSO-1      2
1085651658-TAGRISSO-1      1
Name: count, Length: 185, dtype: int64

Counts of therapy_id values from target_holdout in rxclms_holdout:
therapy_id
1042460032-TAGRISSO-1    105
1069030812-TAGRISSO-1     84
1070193201-TAGRISSO-1     82
1104320377-TAGRISSO-1     75
1065654446-TAGRISSO-1     63
                        ... 
1113199360-TAGRISSO-1      1
1084885441-TAGRISSO-1      1
1103686671-TAGRISSO-1      1
1074218249-TAGRISSO-1      1
1098567137-TAGRISSO-1      1
Name: count, Length: 379, dtype: int64
